2024-08-06 17:52:40,168 DEBUG    root            Loaded Command Group: ['gcloud', 'auth']
2024-08-06 17:52:40,192 DEBUG    root            Loaded Command Group: ['gcloud', 'auth', 'login']
2024-08-06 17:52:40,195 DEBUG    root            Running [gcloud.auth.login] with arguments: []
2024-08-06 17:52:42,207 DEBUG    requests_oauthlib.oauth2_session Generated new state NOCCS4SRW1BRiov0WBoZEyXbBje6BW.
2024-08-06 17:52:42,207 INFO     ___FILE_ONLY___ Go to the following link in your browser, and complete the sign-in prompts:

    https://accounts.google.com/o/oauth2/auth?response_type=code&client_id=32555940559.apps.googleusercontent.com&redirect_uri=https%3A%2F%2Fsdk.cloud.google.com%2Fauthcode.html&scope=openid+https%3A%2F%2Fwww.googleapis.com%2Fauth%2Fuserinfo.email+https%3A%2F%2Fwww.googleapis.com%2Fauth%2Fcloud-platform+https%3A%2F%2Fwww.googleapis.com%2Fauth%2Fappengine.admin+https%3A%2F%2Fwww.googleapis.com%2Fauth%2Fsqlservice.login+https%3A%2F%2Fwww.googleapis.com%2Fauth%2Fcompute+https%3A%2F%2Fwww.googleapis.com%2Fauth%2Faccounts.reauth&state=NOCCS4SRW1BRiov0WBoZEyXbBje6BW&prompt=consent&token_usage=remote&access_type=offline&code_challenge=q2bIo8cYB8REqX2bnNQIxrVmXMSWJz9NtM1mIqWM4vM&code_challenge_method=S256


2024-08-06 17:53:30,766 DEBUG    requests_oauthlib.oauth2_session Requesting url https://oauth2.googleapis.com/token using method POST.
2024-08-06 17:53:30,766 DEBUG    requests_oauthlib.oauth2_session Supplying headers {b'Accept': b'application/json', b'Content-Type': b'application/x-www-form-urlencoded;charset=UTF-8', b'user-agent': b'google-cloud-sdk gcloud/476.0.0 command/gcloud.auth.login invocation-id/f1cde594c5874c86b9a2bed2745b0087 environment/GCE environment-version/None client-os/LINUX client-os-ver/5.10.0 client-pltf-arch/x86_64 interactive/True from-script/False python/3.11.8 term/xterm-256color (Linux 5.10.0-29-cloud-amd64)'} and data {'grant_type': 'authorization_code', 'client_id': '32555940559.apps.googleusercontent.com', 'client_secret': 'ZmssLNjJy2998hD4CTg2ejr2', 'code': '4/0AcvDMrA3pq8aXeWqO1QsUu2fROIzeOKvwdf-a08m6amJjbrFzKEkZBrdRKsX361LjCqUBQ', 'redirect_uri': 'https://sdk.cloud.google.com/authcode.html', 'code_verifier': 'PSvlmkTQvu~_3-ZmFTo6eQvN-ayTe.0RfdKf84mMFrLP~HOJmHqqbkOT3OqOdurgx~OoUgfh-N.p-_PpPJMs-WBdiZrNiI-K6m7078UUjRA-z.IBYyh7xA5Yb9n9JNo.'}
2024-08-06 17:53:30,766 DEBUG    requests_oauthlib.oauth2_session Passing through key word arguments {'json': None, 'timeout': None, 'auth': None, 'verify': None, 'proxies': None}.
2024-08-06 17:53:30,768 DEBUG    urllib3.connectionpool Starting new HTTPS connection (1): oauth2.googleapis.com:443
2024-08-06 17:53:30,905 DEBUG    urllib3.connectionpool https://oauth2.googleapis.com:443 "POST /token HTTP/1.1" 200 None
2024-08-06 17:53:30,905 DEBUG    requests_oauthlib.oauth2_session Prepared fetch token request body grant_type=authorization_code&client_id=32555940559.apps.googleusercontent.com&client_secret=ZmssLNjJy2998hD4CTg2ejr2&code=4%2F0AcvDMrA3pq8aXeWqO1QsUu2fROIzeOKvwdf-a08m6amJjbrFzKEkZBrdRKsX361LjCqUBQ&redirect_uri=https%3A%2F%2Fsdk.cloud.google.com%2Fauthcode.html&code_verifier=PSvlmkTQvu~_3-ZmFTo6eQvN-ayTe.0RfdKf84mMFrLP~HOJmHqqbkOT3OqOdurgx~OoUgfh-N.p-_PpPJMs-WBdiZrNiI-K6m7078UUjRA-z.IBYyh7xA5Yb9n9JNo.
2024-08-06 17:53:30,906 DEBUG    requests_oauthlib.oauth2_session Request to fetch token completed with status 200.
2024-08-06 17:53:30,906 DEBUG    requests_oauthlib.oauth2_session Request headers were {'user-agent': b'google-cloud-sdk gcloud/476.0.0 command/gcloud.auth.login invocation-id/f1cde594c5874c86b9a2bed2745b0087 environment/GCE environment-version/None client-os/LINUX client-os-ver/5.10.0 client-pltf-arch/x86_64 interactive/True from-script/False python/3.11.8 term/xterm-256color (Linux 5.10.0-29-cloud-amd64)', 'Accept-Encoding': 'gzip, deflate', 'Accept': b'application/json', 'Connection': 'keep-alive', 'Content-Type': b'application/x-www-form-urlencoded;charset=UTF-8', 'Content-Length': '405'}
2024-08-06 17:53:30,906 DEBUG    requests_oauthlib.oauth2_session Request body was grant_type=authorization_code&client_id=32555940559.apps.googleusercontent.com&client_secret=ZmssLNjJy2998hD4CTg2ejr2&code=4%2F0AcvDMrA3pq8aXeWqO1QsUu2fROIzeOKvwdf-a08m6amJjbrFzKEkZBrdRKsX361LjCqUBQ&redirect_uri=https%3A%2F%2Fsdk.cloud.google.com%2Fauthcode.html&code_verifier=PSvlmkTQvu~_3-ZmFTo6eQvN-ayTe.0RfdKf84mMFrLP~HOJmHqqbkOT3OqOdurgx~OoUgfh-N.p-_PpPJMs-WBdiZrNiI-K6m7078UUjRA-z.IBYyh7xA5Yb9n9JNo.
2024-08-06 17:53:30,906 DEBUG    requests_oauthlib.oauth2_session Response headers were {'Expires': 'Mon, 01 Jan 1990 00:00:00 GMT', 'Cache-Control': 'no-cache, no-store, max-age=0, must-revalidate', 'Pragma': 'no-cache', 'Date': 'Tue, 06 Aug 2024 17:53:30 GMT', 'Content-Type': 'application/json; charset=utf-8', 'Vary': 'Origin, X-Origin, Referer', 'Content-Encoding': 'gzip', 'Server': 'scaffolding on HTTPServer2', 'X-XSS-Protection': '0', 'X-Frame-Options': 'SAMEORIGIN', 'X-Content-Type-Options': 'nosniff', 'Transfer-Encoding': 'chunked'} and content {
  "access_token": "ya29.a0AcM612zysZa5Eff2I6mgars_HWWL3faJB6yPxypnaLJAxUWrRu8ZMeG4TbTMUn1gRMdajlIC0AE_dDtgOfYu7BgDnVqYQupEQmUiZfRQfgKSWXvxUBdYMpte9jqCia_JH31XBqQl9OLOEZcQvtCu0eNbV176YBEb7a2JoBdWdgaCgYKAVkSARASFQHGX2MiTmfm3i8AccOJwYqCatpbTw0177",
  "expires_in": 3599,
  "refresh_token": "1//06dudewS3qpRDCgYIARAAGAYSNwF-L9IrI8gMG2xvw6dAKpqrg4KgLnxjJZy2bBsPXppjqI_8g3Dz5PHtNW_VZHcEGMhzvLAJrRI",
  "scope": "https://www.googleapis.com/auth/cloud-platform https://www.googleapis.com/auth/appengine.admin https://www.googleapis.com/auth/sqlservice.login https://www.googleapis.com/auth/userinfo.email https://www.googleapis.com/auth/accounts.reauth https://www.googleapis.com/auth/compute openid",
  "token_type": "Bearer",
  "id_token": "eyJhbGciOiJSUzI1NiIsImtpZCI6IjQ1MjljNDA5Zjc3YTEwNmZiNjdlZTFhODVkMTY4ZmQyY2ZiN2MwYjciLCJ0eXAiOiJKV1QifQ.eyJpc3MiOiJodHRwczovL2FjY291bnRzLmdvb2dsZS5jb20iLCJhenAiOiIzMjU1NTk0MDU1OS5hcHBzLmdvb2dsZXVzZXJjb250ZW50LmNvbSIsImF1ZCI6IjMyNTU1OTQwNTU5LmFwcHMuZ29vZ2xldXNlcmNvbnRlbnQuY29tIiwic3ViIjoiMTA5MjUyMDQ1NTI3Mjk5ODg5ODkwIiwiZW1haWwiOiJtYXJjaW4ubWFqZXJhbjEzQGdtYWlsLmNvbSIsImVtYWlsX3ZlcmlmaWVkIjp0cnVlLCJhdF9oYXNoIjoiamhsOGNaejNyc1djYUpZTWlBTnFqUSIsImlhdCI6MTcyMjk2NjgxMCwiZXhwIjoxNzIyOTcwNDEwfQ.J0NB0GzX5o7AGEvf-qhu5fv3kcuFiLoU0PZm0IMo_7KXmBsrOC5SZ_vkN_NNr4sIpHgvqslh8sfoFdRuRo7PjH5FMhBGxSjJdFCxVrWtXhuaiWxf23Hc-DpTl0KX1OiL9J2mhNVh133_PAsME7CyuyAE02U8ileScOvgCRze_XSYhdrvSH14JW7SyJD_NDGyQPfDJvwjBhc87Rv3iaNtrM4wjklq2LTFvAGmxsLloOBWT1MufbzQ8qFwR2hNKxN81My5sh-Z7nQORDAE7TgbCezQ9rTcsxuMPdez_3iCf2OGwm66qn5hqaIw4fWVpFu4fIb3zpWAoI5r3illLqn2bQ"
}.
2024-08-06 17:53:30,906 DEBUG    requests_oauthlib.oauth2_session Invoking 0 token response hooks.
2024-08-06 17:53:30,906 DEBUG    requests_oauthlib.oauth2_session Obtained token {'access_token': 'ya29.a0AcM612zysZa5Eff2I6mgars_HWWL3faJB6yPxypnaLJAxUWrRu8ZMeG4TbTMUn1gRMdajlIC0AE_dDtgOfYu7BgDnVqYQupEQmUiZfRQfgKSWXvxUBdYMpte9jqCia_JH31XBqQl9OLOEZcQvtCu0eNbV176YBEb7a2JoBdWdgaCgYKAVkSARASFQHGX2MiTmfm3i8AccOJwYqCatpbTw0177', 'expires_in': 3599, 'refresh_token': '1//06dudewS3qpRDCgYIARAAGAYSNwF-L9IrI8gMG2xvw6dAKpqrg4KgLnxjJZy2bBsPXppjqI_8g3Dz5PHtNW_VZHcEGMhzvLAJrRI', 'scope': ['https://www.googleapis.com/auth/cloud-platform', 'https://www.googleapis.com/auth/appengine.admin', 'https://www.googleapis.com/auth/sqlservice.login', 'https://www.googleapis.com/auth/userinfo.email', 'https://www.googleapis.com/auth/accounts.reauth', 'https://www.googleapis.com/auth/compute', 'openid'], 'token_type': 'Bearer', 'id_token': 'eyJhbGciOiJSUzI1NiIsImtpZCI6IjQ1MjljNDA5Zjc3YTEwNmZiNjdlZTFhODVkMTY4ZmQyY2ZiN2MwYjciLCJ0eXAiOiJKV1QifQ.eyJpc3MiOiJodHRwczovL2FjY291bnRzLmdvb2dsZS5jb20iLCJhenAiOiIzMjU1NTk0MDU1OS5hcHBzLmdvb2dsZXVzZXJjb250ZW50LmNvbSIsImF1ZCI6IjMyNTU1OTQwNTU5LmFwcHMuZ29vZ2xldXNlcmNvbnRlbnQuY29tIiwic3ViIjoiMTA5MjUyMDQ1NTI3Mjk5ODg5ODkwIiwiZW1haWwiOiJtYXJjaW4ubWFqZXJhbjEzQGdtYWlsLmNvbSIsImVtYWlsX3ZlcmlmaWVkIjp0cnVlLCJhdF9oYXNoIjoiamhsOGNaejNyc1djYUpZTWlBTnFqUSIsImlhdCI6MTcyMjk2NjgxMCwiZXhwIjoxNzIyOTcwNDEwfQ.J0NB0GzX5o7AGEvf-qhu5fv3kcuFiLoU0PZm0IMo_7KXmBsrOC5SZ_vkN_NNr4sIpHgvqslh8sfoFdRuRo7PjH5FMhBGxSjJdFCxVrWtXhuaiWxf23Hc-DpTl0KX1OiL9J2mhNVh133_PAsME7CyuyAE02U8ileScOvgCRze_XSYhdrvSH14JW7SyJD_NDGyQPfDJvwjBhc87Rv3iaNtrM4wjklq2LTFvAGmxsLloOBWT1MufbzQ8qFwR2hNKxN81My5sh-Z7nQORDAE7TgbCezQ9rTcsxuMPdez_3iCf2OGwm66qn5hqaIw4fWVpFu4fIb3zpWAoI5r3illLqn2bQ', 'expires_at': 1722970409.9066384}.
2024-08-06 17:53:30,927 INFO     ___FILE_ONLY___ 
You are now logged in as [marcin.majeran13@gmail.com].
Your current project is [capable-blend-427212-e6].  You can change this setting by running:
  $ gcloud config set project PROJECT_ID

2024-08-06 17:53:30,927 DEBUG    root            Chosen display Format:none
2024-08-06 17:53:30,928 INFO     root            Display format: "none"
2024-08-06 17:53:30,966 DEBUG    root            SDK update checks are disabled.
